<?xml version="1.0" encoding="UTF-8"?>
<!-- Generated by org.testng.reporters.JUnitXMLReporter -->
<testsuite ignored="0" hostname="COG-WIN-MAC03" failures="0" tests="33" name="Default test" time="4621.194" errors="0" timestamp="2023-08-19T04:03:58 IST">
  <testcase classname="testcases.ApprovalRuleTest" name="ValidationCheck" time="92.253"/>
  <testcase classname="testcases.ApprovalRuleTest" name="addApprovalRulePageWithExpenseModule" time="736.998"/>
  <testcase classname="testcases.ApprovalRuleTest" name="validateSearchFunctionalitythroughRuleNmae" time="105.342"/>
  <testcase classname="testcases.ApprovalRuleTest" name="validateSearchFunctionalitythroughModuleName" time="111.156"/>
  <testcase classname="testcases.ApprovalRuleTest" name="validateSearchFunctionalitythroughApprovalChainName" time="110.836"/>
  <testcase classname="testcases.ApprovalRuleTest" name="validateSearchFunctionalitythroughUserName" time="113.121"/>
  <testcase classname="testcases.ApprovalRuleTest" name="validateSearchFunctionalitythroughApproverName" time="109.722"/>
  <testcase classname="testcases.ApprovalRuleTest" name="validateSearchFunctionalitythroughActiveStatus" time="102.286"/>
  <testcase classname="testcases.ApprovalRuleTest" name="ValidateSarchfunctionalityThroughINActiveStatus" time="207.587"/>
  <testcase classname="testcases.ApprovalRuleTest" name="validateUpdateFunctionalityOfApprovalRulePage" time="100.21"/>
  <testcase classname="testcases.ApprovalRuleTest" name="validateDeleteFunctionalityOfApprovalRulePage" time="99.796"/>
  <testcase classname="testcases.ApprovalRuleTest" name="addApprovalRulePageWithLeaveModule" time="154.999"/>
  <testcase classname="testcases.ApprovalRuleTest" name="validateSearchFunctionalitythroughLeaveName" time="103.409"/>
  <testcase classname="testcases.ApprovalRuleTest" name="validateSearchFunctionalitythroughApprovalChainNameForLeaveRuleName" time="110.244"/>
  <testcase classname="testcases.ApprovalRuleTest" name="validateSearchFunctionalitythroughUserNameForLeaveRuleName" time="128.761"/>
  <testcase classname="testcases.ApprovalRuleTest" name="validateSearchFunctionalitythroughApproverNameforLeaveRuleName" time="99.867"/>
  <testcase classname="testcases.ApprovalRuleTest" name="validateSearchFunctionalitythroughActiveStatusForLeaveRuleName" time="98.848"/>
  <testcase classname="testcases.ApprovalRuleTest" name="validateDeleteFunctionalityOfApprovalRulePageForLeaveModule" time="112.476"/>
  <testcase classname="testcases.ApprovalRuleTest" name="addApprovalRulePageWithTimeSheetModule" time="137.8"/>
  <testcase classname="testcases.ApprovalRuleTest" name="validateSearchFunctionalitythroughTimesheetModuleForTimeSheetRule" time="131.961"/>
  <testcase classname="testcases.ApprovalRuleTest" name="validateSearchFunctionalitythroughApprovalChainNameForTimeSheetRule" time="121.646"/>
  <testcase classname="testcases.ApprovalRuleTest" name="validateSearchFunctionalitythroughUserNameForTimeSheetRule" time="94.846"/>
  <testcase classname="testcases.ApprovalRuleTest" name="validateSearchFunctionalitythroughApproverNameForTimeSheetRule" time="105.804"/>
  <testcase classname="testcases.ApprovalRuleTest" name="validateSearchFunctionalitythroughActiveStatusForTimeSheetRule" time="137.084"/>
  <testcase classname="testcases.ApprovalRuleTest" name="validateDeleteFunctionalityOfApprovalRulePageForTimeSheetModule" time="142.322"/>
  <testcase classname="testcases.ApprovalRuleTest" name="addApprovalRulePageWithAttendanceModule" time="145.873"/>
  <testcase classname="testcases.ApprovalRuleTest" name="validateSearchFunctionalitythroughAttendanceModule" time="126.138"/>
  <testcase classname="testcases.ApprovalRuleTest" name="validateSearchFunctionalitythroughApprovalChainNameForAttendanceRule" time="117.512"/>
  <testcase classname="testcases.ApprovalRuleTest" name="validateSearchFunctionalitythroughUserNameForAttendanceRule" time="126.513"/>
  <testcase classname="testcases.ApprovalRuleTest" name="validateSearchFunctionalitythroughApproverNameForAttendanceRule" time="149.114"/>
  <testcase classname="testcases.ApprovalRuleTest" name="validateSearchFunctionalitythroughActiveStatusForAttendanceRule" time="101.825"/>
  <testcase classname="testcases.ApprovalRuleTest" name="validateDeleteFunctionalityOfApprovalRulePageForAttendanceModule" time="118.692"/>
  <testcase classname="testcases.ApprovalRuleTest" name="addApprovalRulePageWithLimitedDurationAndUseSequence" time="149.986"/>
</testsuite> <!-- Default test -->
